CRITICAL - 2024-10-05 00:39:35 --> CodeIgniter\View\Exceptions\ViewException: Invalid file: "smallbar.php"
in SYSTEMPATH\Exceptions\FrameworkException.php on line 39.
 1 SYSTEMPATH\View\View.php(216): CodeIgniter\Exceptions\FrameworkException::forInvalidFile('smallbar.php')
 2 SYSTEMPATH\View\View.php(469): CodeIgniter\View\View->render('smallbar', null, true)
 3 APPPATH\Views\front\_layouts\template.php(22): CodeIgniter\View\View->include('smallbar')
 4 SYSTEMPATH\View\View.php(228): include('C:\\xampp\\htdocs\\cafeapp\\app\\Views\\front\\_layouts\\template.php')
 5 SYSTEMPATH\View\View.php(231): CodeIgniter\View\View->CodeIgniter\View\{closure}()
 6 SYSTEMPATH\View\View.php(244): CodeIgniter\View\View->render('front/_layouts/template', [], true)
 7 SYSTEMPATH\Common.php(1178): CodeIgniter\View\View->render('front/home', [], true)
 8 APPPATH\Controllers\Home.php(9): view('front/home')
 9 SYSTEMPATH\CodeIgniter.php(943): App\Controllers\Home->index()
10 SYSTEMPATH\CodeIgniter.php(503): CodeIgniter\CodeIgniter->runController(Object(App\Controllers\Home))
11 SYSTEMPATH\CodeIgniter.php(361): CodeIgniter\CodeIgniter->handleRequest(null, Object(Config\Cache), false)
12 FCPATH\index.php(79): CodeIgniter\CodeIgniter->run()
13 SYSTEMPATH\Commands\Server\rewrite.php(47): require_once('C:\\xampp\\htdocs\\cafeapp\\public\\index.php')
CRITICAL - 2024-10-05 07:42:05 --> CodeIgniter\View\Exceptions\ViewException: Invalid file: "front/contact-us.php"
in SYSTEMPATH\Exceptions\FrameworkException.php on line 39.
 1 SYSTEMPATH\View\View.php(216): CodeIgniter\Exceptions\FrameworkException::forInvalidFile('front/contact-us.php')
 2 SYSTEMPATH\Common.php(1178): CodeIgniter\View\View->render('front/contact-us', [], true)
 3 APPPATH\Controllers\Home.php(52): view('front/contact-us', [...])
 4 SYSTEMPATH\CodeIgniter.php(943): App\Controllers\Home->contact_us()
 5 SYSTEMPATH\CodeIgniter.php(503): CodeIgniter\CodeIgniter->runController(Object(App\Controllers\Home))
 6 SYSTEMPATH\CodeIgniter.php(361): CodeIgniter\CodeIgniter->handleRequest(null, Object(Config\Cache), false)
 7 FCPATH\index.php(79): CodeIgniter\CodeIgniter->run()
 8 SYSTEMPATH\Commands\Server\rewrite.php(47): require_once('C:\\xampp\\htdocs\\cafeapp\\public\\index.php')
